0 info it worked if it ends with ok
1 verbose cli [ '/usr/local/Cellar/iojs/2.3.0/bin/iojs',
1 verbose cli   '/usr/local/bin/npm',
1 verbose cli   'install' ]
2 info using npm@2.7.4
3 info using node@v2.3.0
4 error install Couldn't read dependencies
5 verbose stack Error: Failed to parse json
5 verbose stack Trailing comma in object at 46:3
5 verbose stack   },
5 verbose stack   ^
5 verbose stack     at parseError (/usr/local/lib/node_modules/npm/node_modules/read-package-json/read-json.js:406:25)
5 verbose stack     at parseJson (/usr/local/lib/node_modules/npm/node_modules/read-package-json/read-json.js:86:51)
5 verbose stack     at /usr/local/lib/node_modules/npm/node_modules/read-package-json/read-json.js:60:33
5 verbose stack     at FSReqWrap.readFileAfterClose [as oncomplete] (evalmachine.<anonymous>:380:3)
6 verbose cwd /Users/ap/code/labs/rails-react-webpack-starter
7 error Darwin 14.0.0
8 error argv "/usr/local/Cellar/iojs/2.3.0/bin/iojs" "/usr/local/bin/npm" "install"
9 error node v2.3.0
10 error npm  v2.7.4
11 error file /Users/ap/code/labs/rails-react-webpack-starter/package.json
12 error code EJSONPARSE
13 error Failed to parse json
13 error Trailing comma in object at 46:3
13 error   },
13 error   ^
14 error File: /Users/ap/code/labs/rails-react-webpack-starter/package.json
15 error Failed to parse package.json data.
15 error package.json must be actual JSON, not just JavaScript.
15 error
15 error This is not a bug in npm.
15 error Tell the package author to fix their package.json file. JSON.parse
16 verbose exit [ 1, true ]
